<?xml version="1.0" encoding="UTF-8" ?>
<testsuite tests="12" failures="0" name="BookTest" time="0.074" errors="0" skipped="0">
  <properties>
[...]
</properties>
  <testcase classname="BookTest" name="testToString" time="0.073"/>
  <testcase classname="BookTest" name="testReturningName" time="0"/>
  <testcase classname="BookTest" name="testReturningAuthor" time="0"/>
  <testcase classname="BookTest" name="classIsPublic" time="0"/>
  <testcase classname="BookTest" name="testReturningPages2" time="0"/>
  <testcase classname="BookTest" name="testToString2" time="0"/>
  <testcase classname="BookTest" name="testReturningAuthor2" time="0"/>
  <testcase classname="BookTest" name="noExtraVariables" time="0.001"/>
  <testcase classname="BookTest" name="methodsExist" time="0"/>
  <testcase classname="BookTest" name="testReturningName2" time="0"/>
  <testcase classname="BookTest" name="testReturningPages" time="0"/>
  <testcase classname="BookTest" name="testConstructor" time="0"/>
</testsuite>